<?xml version="1.0" encoding="UTF-8"?>
<testsuite name="com.payment.app.PaymentServiceApplicationTests" tests="1" skipped="0" failures="0" errors="0" timestamp="2025-10-25T08:28:36.380Z" hostname="LAPTOP-H6K26OMA" time="3.355">
  <properties/>
  <testcase name="contextLoads()" classname="com.payment.app.PaymentServiceApplicationTests" time="3.355"/>
  <system-out><![CDATA[13:58:34.555 [Test worker] INFO org.springframework.test.context.support.AnnotationConfigContextLoaderUtils -- Could not detect default configuration classes for test class [com.payment.app.PaymentServiceApplicationTests]: PaymentServiceApplicationTests does not declare any static, non-private, non-final, nested classes annotated with @Configuration.
13:58:34.704 [Test worker] INFO org.springframework.boot.test.context.SpringBootTestContextBootstrapper -- Found @SpringBootConfiguration com.payment.app.PaymentServiceApplication for test class com.payment.app.PaymentServiceApplicationTests

  .   ____          _            __ _ _
 /\\ / ___'_ __ _ _(_)_ __  __ _ \ \ \ \
( ( )\___ | '_ | '_| | '_ \/ _` | \ \ \ \
 \\/  ___)| |_)| | | | | || (_| |  ) ) ) )
  '  |____| .__|_| |_|_| |_\__, | / / / /
 =========|_|==============|___/=/_/_/_/

 :: Spring Boot ::                (v3.5.7)

2025-10-25T13:58:35.180+05:30  INFO 3892 --- [payment-service] [    Test worker] c.p.app.PaymentServiceApplicationTests   : Starting PaymentServiceApplicationTests using Java 21.0.1 with PID 3892 (started by Pooja Verma in D:\ECOM\NewRepo\payment-service)
2025-10-25T13:58:35.180+05:30  INFO 3892 --- [payment-service] [    Test worker] c.p.app.PaymentServiceApplicationTests   : No active profile set, falling back to 1 default profile: "default"
2025-10-25T13:58:36.231+05:30  WARN 3892 --- [payment-service] [    Test worker] ion$DefaultTemplateResolverConfiguration : Cannot find template location: classpath:/templates/ (please add some templates, check your Thymeleaf configuration, or set spring.thymeleaf.check-template-location=false)
2025-10-25T13:58:36.361+05:30  INFO 3892 --- [payment-service] [    Test worker] c.p.app.PaymentServiceApplicationTests   : Started PaymentServiceApplicationTests in 1.499 seconds (process running for 2.77)
]]></system-out>
  <system-err><![CDATA[Mockito is currently self-attaching to enable the inline-mock-maker. This will no longer work in future releases of the JDK. Please add Mockito as an agent to your build as described in Mockito's documentation: https://javadoc.io/doc/org.mockito/mockito-core/latest/org.mockito/org/mockito/Mockito.html#0.3
WARNING: A Java agent has been loaded dynamically (C:\Users\Pooja Verma\.gradle\caches\modules-2\files-2.1\net.bytebuddy\byte-buddy-agent\1.17.8\f09415827a71be7ed621c7bd02550678f28bc81c\byte-buddy-agent-1.17.8.jar)
WARNING: If a serviceability tool is in use, please run with -XX:+EnableDynamicAgentLoading to hide this warning
WARNING: If a serviceability tool is not in use, please run with -Djdk.instrument.traceUsage for more information
WARNING: Dynamic loading of agents will be disallowed by default in a future release
]]></system-err>
</testsuite>
